<?xml version="1.0" encoding="UTF-8"?>
<testng-results ignored="0" total="1" passed="1" failed="0" skipped="0">
  <reporter-output>
  </reporter-output>
  <suite started-at="2022-11-18T09:49:59 IST" name="Default suite" finished-at="2022-11-18T09:49:59 IST" duration-ms="55">
    <groups>
    </groups>
    <test started-at="2022-11-18T09:49:59 IST" name="Default test" finished-at="2022-11-18T09:49:59 IST" duration-ms="55">
      <class name="vTiger.Practice.RuntimeParametersPracticeTest">
        <test-method signature="runTimeparametersTest()[pri:0, instance:vTiger.Practice.RuntimeParametersPracticeTest@6cd28fa7]" started-at="2022-11-18T09:49:59 IST" name="runTimeparametersTest" finished-at="2022-11-18T09:49:59 IST" duration-ms="13" status="PASS">
          <reporter-output>
          </reporter-output>
        </test-method> <!-- runTimeparametersTest -->
      </class> <!-- vTiger.Practice.RuntimeParametersPracticeTest -->
    </test> <!-- Default test -->
  </suite> <!-- Default suite -->
</testng-results>
